


              node`0xb3800000
                1

              node`0x1804a00
                1

              node`0x1
                1

              node`0xde000001
                1

              node`0x4
                1

              node`0x12769111
                1

              node`0x20
                1

              node`0x5fbf5f28
                1

              node`0x4a1c1230
                1

              node`0x38
                1

              node`0x5fbf6150
                1

              node`0x5fbf6058
                1

              node`0x1804f68
                1

              node`0x4a1c4b80
                1

              node`0x1847e80
                1

              node`0x5fbf5b88
                1

              node`0x4a195e88
                1

              node`0xde834c99
                1

              node`0xdc115aa0
                1

              node`0xde895ba1
                1

              node`0x5fbf60b0
                1

              node`0x12163be8
                1

              node`0x5fbf65e8
                1

              node`0x3
                3

              node`0x1804a20
                6

               11
